<?xml version="1.0" encoding="UTF-8"?>
<testng-results skipped="0" failed="1" total="1" passed="0">
  <reporter-output>
  </reporter-output>
  <suite name="Default suite" duration-ms="28789" started-at="2020-08-16T07:31:37Z" finished-at="2020-08-16T07:32:06Z">
    <groups>
    </groups>
    <test name="Default test" duration-ms="28789" started-at="2020-08-16T07:31:37Z" finished-at="2020-08-16T07:32:06Z">
      <class name="org.amazon.testcases.TC002_ValidateSearch">
        <test-method status="PASS" signature="setdata()[pri:0, instance:org.amazon.testcases.TC002_ValidateSearch@369f73a2]" name="setdata" is-config="true" duration-ms="5" started-at="2020-08-16T13:01:37Z" finished-at="2020-08-16T13:01:37Z">
          <reporter-output>
          </reporter-output>
        </test-method> <!-- setdata -->
        <test-method status="PASS" signature="getDesiredCapabilites()[pri:0, instance:org.amazon.testcases.TC002_ValidateSearch@369f73a2]" name="getDesiredCapabilites" is-config="true" duration-ms="4" started-at="2020-08-16T13:01:37Z" finished-at="2020-08-16T13:01:37Z">
          <reporter-output>
          </reporter-output>
        </test-method> <!-- getDesiredCapabilites -->
        <test-method status="FAIL" signature="ValidateSearch()[pri:0, instance:org.amazon.testcases.TC002_ValidateSearch@369f73a2]" name="ValidateSearch" duration-ms="28770" started-at="2020-08-16T13:01:37Z" finished-at="2020-08-16T13:02:06Z">
          <exception class="java.util.MissingResourceException">
            <message>
              <![CDATA[Can't find resource for bundle java.util.PropertyResourceBundle, key buynowXpath]]>
            </message>
            <full-stacktrace>
              <![CDATA[java.util.MissingResourceException: Can't find resource for bundle java.util.PropertyResourceBundle, key buynowXpath
	at java.util.ResourceBundle.getObject(ResourceBundle.java:450)
	at java.util.ResourceBundle.getString(ResourceBundle.java:407)
	at org.amazon.pages.ProductDetailPage.buyNowButton(ProductDetailPage.java:15)
	at org.amazon.testcases.TC002_ValidateSearch.ValidateSearch(TC002_ValidateSearch.java:22)
	at sun.reflect.NativeMethodAccessorImpl.invoke0(Native Method)
	at sun.reflect.NativeMethodAccessorImpl.invoke(NativeMethodAccessorImpl.java:62)
	at sun.reflect.DelegatingMethodAccessorImpl.invoke(DelegatingMethodAccessorImpl.java:43)
	at java.lang.reflect.Method.invoke(Method.java:498)
	at org.testng.internal.MethodInvocationHelper.invokeMethod(MethodInvocationHelper.java:86)
	at org.testng.internal.Invoker.invokeMethod(Invoker.java:643)
	at org.testng.internal.Invoker.invokeTestMethod(Invoker.java:820)
	at org.testng.internal.Invoker.invokeTestMethods(Invoker.java:1128)
	at org.testng.internal.TestMethodWorker.invokeTestMethods(TestMethodWorker.java:129)
	at org.testng.internal.TestMethodWorker.run(TestMethodWorker.java:112)
	at org.testng.TestRunner.privateRun(TestRunner.java:782)
	at org.testng.TestRunner.run(TestRunner.java:632)
	at org.testng.SuiteRunner.runTest(SuiteRunner.java:366)
	at org.testng.SuiteRunner.runSequentially(SuiteRunner.java:361)
	at org.testng.SuiteRunner.privateRun(SuiteRunner.java:319)
	at org.testng.SuiteRunner.run(SuiteRunner.java:268)
	at org.testng.SuiteRunnerWorker.runSuite(SuiteRunnerWorker.java:52)
	at org.testng.SuiteRunnerWorker.run(SuiteRunnerWorker.java:86)
	at org.testng.TestNG.runSuitesSequentially(TestNG.java:1244)
	at org.testng.TestNG.runSuitesLocally(TestNG.java:1169)
	at org.testng.TestNG.run(TestNG.java:1064)
	at org.testng.remote.AbstractRemoteTestNG.run(AbstractRemoteTestNG.java:132)
	at org.testng.remote.RemoteTestNG.initAndRun(RemoteTestNG.java:236)
	at org.testng.remote.RemoteTestNG.main(RemoteTestNG.java:81)
]]>
            </full-stacktrace>
          </exception> <!-- java.util.MissingResourceException -->
          <reporter-output>
          </reporter-output>
        </test-method> <!-- ValidateSearch -->
      </class> <!-- org.amazon.testcases.TC002_ValidateSearch -->
    </test> <!-- Default test -->
  </suite> <!-- Default suite -->
</testng-results>
